(node:4393) ExperimentalWarning: The Fetch API is an experimental feature. This feature could change at any time
(Use `node --trace-warnings ...` to show where the warning was created)
Attestation 20221024_SouthPole_FF_transaction_1_attestation_3 is created (CID:QmP67xNEs1j1uvRNngdGJ5HTFu7dcobpeS2w6PLdpKmkpd).
Attestation 20221024_SouthPole_FF_transaction_1_attestation_4 is created (CID:QmUz4va4m7Tdx3ztB1ZmHVHMuh5wamQqjSvVPYf3bVzPXf).
Attestation 20221024_SouthPole_FF_transaction_1_attestation_5 is created (CID:QmPw9zkHvhLrACnHycBzUY3svK77amJYqJwXzMn7Jo64pL).
Attestation 20221024_SouthPole_FF_transaction_1_attestation_6 is created (CID:QmWaMwpGMG4gopF27D25mMu9NfC6EunDUvr3czTKJiGFFN).
Attestation 20221024_SouthPole_FF_transaction_1_attestation_7 is created (CID:QmcpfEVPBF7fkz9q9B68TiFKArBNyghVMFuHkwwcbgFPwN).
Attestation 20221024_SouthPole_FF_transaction_1_attestation_8 is created (CID:QmWK3cu2SYTq7JF1vGCJuYSdz9V9hwVCrB7rgkH5MTKk9h).
Attestation 20221024_SouthPole_FF_transaction_1_attestation_9 is created (CID:QmNf7jwCnvcLpVutuzTHzJ7eHNMJWnZtUeFp8h5UHXRxFB).
Attestation 20221024_SouthPole_FF_transaction_1_attestation_10 is created (CID:QmW4nWbmBqPVeoEF9pa7rTszumAzKeksqdfSnbX49mvxwG).
Attestation 20221024_SouthPole_FF_transaction_1_attestation_11 is created (CID:QmPzBw7GG8SVtP12EAsVGWtXC3WRcf6UjioMkanjpp73PZ).
Attestation 20221024_SouthPole_FF_transaction_1_attestation_12 is created (CID:QmXupusPU4FcjbGX3bSgbf587ekNBAnr7xJVyWdVRKxooJ).
Attestation 20221024_SouthPole_FF_transaction_1_attestation_13 is created (CID:QmcDGCcpMsoG6hQKrR5jpVjH5mqXMKsAWPm3tvPb3jsWxn).
Attestation 20221024_SouthPole_FF_transaction_1_attestation_14 is created (CID:QmfNhm4SLccnXUpYdvcQvKKKW3kF7N6uEmeWbY4LyPoGpH).
Attestation 20221024_SouthPole_FF_transaction_1_attestation_15 is created (CID:QmTySp8Q6giKJkRWTr6uHGxb8YJ8CZhHhsMSkKZu6JG6ZJ).
Attestation 20221024_SouthPole_FF_transaction_1_attestation_16 is created (CID:Qmadu7JE6MLF6vNRHTjuXuXtqKFrMj6hnaChJzHsVqhgej).
Attestation 20221024_SouthPole_FF_transaction_1_attestation_17 is created (CID:QmWT1biSm2CbpoZTVND1zNpQG7QbwjPrk1g38Fw5swbThb).
Attestation 20221024_SouthPole_FF_transaction_1_attestation_18 is created (CID:QmXnbPYRpqGmF2QPg7L5CYCQyynebtDa63Dv9CdWkS8gTD).
Attestation 20221024_SouthPole_FF_transaction_1_attestation_19 is created (CID:QmQgo7cgbncdy8XwnZRLz8BzrK7WpjUk19tcSsasz6Uf7s).
Attestation 20221024_SouthPole_FF_transaction_1_attestation_20 is created (CID:Qmby7YdzcHd3iXQRuLYtDaq5wVFCXKgBvzVP4b9X5V2R3S).
Attestation 20221024_SouthPole_FF_transaction_1_attestation_21 is created (CID:QmT3o35mVxAUDPpmdZ1UTi4vzQG71MgWQpxRB4kVFRtGnJ).
Attestation 20221024_SouthPole_FF_transaction_1_attestation_22 is created (CID:QmNTpNhW2Sw5qtxZzMYMfTu1oA4BUpzKHkV8r4t7D5Zw6X).
Attestation 20221024_SouthPole_FF_transaction_1_attestation_23 is created (CID:QmVyNufffSF5ArEPXcocYKPowPZNgU8z3NvvEFqEwpaCqz).
Attestation 20221024_SouthPole_FF_transaction_1_attestation_24 is created (CID:Qma1CZ8H5uEtZvj522fVxjg5ZZQaCf9up8o3DPe5UAjNL7).
Attestation 20221024_SouthPole_FF_transaction_1_attestation_25 is created (CID:QmVQ3M1XKkRgUBTRGhjc3VRXEhkYiNRDp2R81gZX4njfqr).
Attestation 20221024_SouthPole_FF_transaction_1_attestation_26 is created (CID:QmbSaKcbQjtMxZNPC3Yep6D2C95M346pWs1HjXDwYeww9E).
Attestation 20221024_SouthPole_FF_transaction_1_attestation_27 is created (CID:Qmackue7h22pk5JX5qx7YDYDXwk5jN6D5yqWwR2odjnmL7).
Attestation 20221024_SouthPole_FF_transaction_1_attestation_28 is created (CID:QmWYkitKQn5ybAGmnCFNDDJRLem1D9QQp1piGpWw7FDhMg).
Attestation 20221024_SouthPole_FF_transaction_1_attestation_29 is created (CID:QmXfssgZ62aDJWNcpjAbe5KyeAJSZev4CixPwZETYAqQWW).
Attestation 20221024_SouthPole_FF_transaction_1_attestation_30 is created (CID:QmWvMTgL266ZMVE9Ru3VMhS9YSApLTjyQS8DWGVyCj3PxF).
Attestation 20221024_SouthPole_FF_transaction_1_attestation_31 is created (CID:QmRzgeL1ogSh75Z9P42J41DVMx1q9MCuqP4LZXUv9vRNAQ).
Attestation 20221024_SouthPole_FF_transaction_1_attestation_32 is created (CID:QmaaDCtSY3hhjJWh1Kn5EveZGU31i196MAxR7Dp4kdhdEf).
Attestation 20221024_SouthPole_FF_transaction_1_attestation_33 is created (CID:QmbWkk9srGYiGCUBpME4hub389ewqzkj7LLcmCt9mrpvDN).
Attestation 20221024_SouthPole_FF_transaction_1_attestation_34 is created (CID:QmYMPX54GX2h2szHXBxEPQJXEFBKmQJxXYMfiwE5vVc8Qb).
Attestation 20221024_SouthPole_FF_transaction_1_attestation_35 is created (CID:QmaE4tQ6Agr2cCtHkvE6EKSCGGduW1kewVZYFqH3RpSsCj).
Attestation 20221024_SouthPole_FF_transaction_1_attestation_36 is created (CID:Qmauvfa97ZVnGekbiDC35CJfgQ6qLqBiUub8F3FwvQvsKG).
Attestation 20221024_SouthPole_FF_transaction_1_attestation_37 is created (CID:QmTSnE5JtPtNexZcLfwN6gVsEA62Gje6fpy1bQwEJYydkn).
Attestation 20221024_SouthPole_FF_transaction_1_attestation_38 is created (CID:QmdHJTp94dqqPE75MJqN8USmgLf87EemTsq5YWVgqUpaJ1).
Attestation 20221024_SouthPole_FF_transaction_1_attestation_39 is created (CID:QmVnwhw2g6P6HZBJdAZJXUSjee6amvywHuj1GmNM7h912h).
Attestation 20221024_SouthPole_FF_transaction_1_attestation_40 is created (CID:QmRWF2YavDmcVGGCMXmCQxkJcgHHPesXzyeUMBEyBCTZtJ).
Attestation 20221024_SouthPole_FF_transaction_1_attestation_41 is created (CID:QmUPEjDgCAoFSauyCp3FkcHV9ohpzaNQkAdeavYnaoZDLe).
Attestation 20221024_SouthPole_FF_transaction_1_attestation_42 is created (CID:QmShdWPdDYZ53C2mkERutPDLrhWuXKf4tiC7ChPTEQsBHe).
Attestation 20221024_SouthPole_FF_transaction_1_attestation_43 is created (CID:QmdN8BswBNjrguNvZSe2ngXaxGM2iNtshYJkSitvfVsBxE).
Attestation 20221024_SouthPole_FF_transaction_1_attestation_44 is created (CID:Qme7GnyMBWW9gKjGjh2btiopK889PMmGYX8hXNtmdXaUye).
Attestation 20221024_SouthPole_FF_transaction_1_attestation_45 is created (CID:QmQciaZTJXuAiWPESmE6FEcZBs5Tdtz3rWxcpCoHc3xA8e).
Attestation 20221024_SouthPole_FF_transaction_1_attestation_46 is created (CID:Qmbe13P94qhcw4xm59DXMK6vq3aULKmqTmUBrn8x7XHETc).
Attestation 20221024_SouthPole_FF_transaction_1_attestation_47 is created (CID:QmS6JSgKwqgPqWPFgncL7bbmPYdbKE24qB4Sd8cB8JHYGb).
Attestation 20221024_SouthPole_FF_transaction_1_attestation_48 is created (CID:Qmez1mgF5zcY4W38gb6BmXZ72kSvdLLDqukp9pHbi14o2Y).
Attestation 20221024_SouthPole_FF_transaction_1_attestation_49 is created (CID:QmQUwTDFnuFhhwgDFvMWhTwRqcgK673R7ZVbADUEbb4mSR).
Attestation 20221024_SouthPole_FF_transaction_1_attestation_50 is created (CID:QmXHfeftuEgKSesDptXYMsbNm534zfHfoQ69oGXJbkFBZb).
Attestation 20221024_SouthPole_FF_transaction_1_attestation_51 is created (CID:QmdWRheGwrCzB7zYj9VMKxofFwH3jW4EDhEhx8FpezwmAy).
Attestation 20221024_SouthPole_FF_transaction_1_attestation_52 is created (CID:QmdEpPQYtUedpCzA72gdm43T2dET4UAEb9EG2VWQ7N3uo7).
