20211115_3D_PL_transaction_1_contract_17, CN_IREC_82583MWh_Jan2021_to_August2021_certificate_4:
Generation start-end: Mon Feb 01 2021 00:00:00 GMT+0400 - Sun Feb 28 2021 00:00:00 GMT+0400
Reporting start-end: Wed Jul 01 2020 00:00:00 GMT+0400 - Wed Mar 31 2021 00:00:00 GMT+0400
Miner Id: f02770
20211115_3D_PL_transaction_1_contract_23, CN_IREC_82583MWh_Jan2021_to_August2021_certificate_4:
Generation start-end: Mon Feb 01 2021 00:00:00 GMT+0400 - Sun Feb 28 2021 00:00:00 GMT+0400
Reporting start-end: Wed Jul 01 2020 00:00:00 GMT+0400 - Wed Mar 31 2021 00:00:00 GMT+0400
Miner Id: f02770
20211115_3D_PL_transaction_1_contract_26, CN_IREC_82583MWh_Jan2021_to_August2021_certificate_4:
Generation start-end: Mon Feb 01 2021 00:00:00 GMT+0400 - Sun Feb 28 2021 00:00:00 GMT+0400
Reporting start-end: Wed Jul 01 2020 00:00:00 GMT+0400 - Wed Mar 31 2021 00:00:00 GMT+0400
Miner Id: f02770
20211115_3D_PL_transaction_1_contract_29, CN_IREC_82583MWh_Jan2021_to_August2021_certificate_5:
Generation start-end: Mon Mar 01 2021 00:00:00 GMT+0400 - Wed Mar 31 2021 00:00:00 GMT+0400
Reporting start-end: Wed Jul 01 2020 00:00:00 GMT+0400 - Wed Mar 31 2021 00:00:00 GMT+0400
Miner Id: f02775
20211115_3D_PL_transaction_1_contract_31, CN_IREC_82583MWh_Jan2021_to_August2021_certificate_10:
Generation start-end: Fri Jan 01 2021 00:00:00 GMT+0400 - Wed Mar 31 2021 00:00:00 GMT+0400
Reporting start-end: Wed Jul 01 2020 00:00:00 GMT+0400 - Wed Mar 31 2021 00:00:00 GMT+0400
Miner Id: f02775
20211115_3D_PL_transaction_1_contract_32, CN_IREC_82583MWh_Jan2021_to_August2021_certificate_10:
Generation start-end: Fri Jan 01 2021 00:00:00 GMT+0400 - Wed Mar 31 2021 00:00:00 GMT+0400
Reporting start-end: Fri Jan 01 2021 00:00:00 GMT+0400 - Sun Jan 31 2021 00:00:00 GMT+0400
Miner Id: f02775
20211115_3D_PL_transaction_1_contract_36, CN_IREC_82583MWh_Jan2021_to_August2021_certificate_10:
Generation start-end: Fri Jan 01 2021 00:00:00 GMT+0400 - Wed Mar 31 2021 00:00:00 GMT+0400
Reporting start-end: Mon Feb 01 2021 00:00:00 GMT+0400 - Sun Feb 28 2021 00:00:00 GMT+0400
Miner Id: f0128559
20211115_3D_PL_transaction_1_contract_37, CN_IREC_82583MWh_Jan2021_to_August2021_certificate_10:
Generation start-end: Fri Jan 01 2021 00:00:00 GMT+0400 - Wed Mar 31 2021 00:00:00 GMT+0400
Reporting start-end: Wed Jul 01 2020 00:00:00 GMT+0400 - Wed Mar 31 2021 00:00:00 GMT+0400
Miner Id: f02775
20211115_3D_PL_transaction_1_contract_40, CN_IREC_82583MWh_Jan2021_to_August2021_certificate_10:
Generation start-end: Fri Jan 01 2021 00:00:00 GMT+0400 - Wed Mar 31 2021 00:00:00 GMT+0400
Reporting start-end: Mon Feb 01 2021 00:00:00 GMT+0400 - Sun Feb 28 2021 00:00:00 GMT+0400
Miner Id: f02775
20211115_3D_PL_transaction_1_contract_41, CN_IREC_82583MWh_Jan2021_to_August2021_certificate_10:
Generation start-end: Fri Jan 01 2021 00:00:00 GMT+0400 - Wed Mar 31 2021 00:00:00 GMT+0400
Reporting start-end: Wed Jul 01 2020 00:00:00 GMT+0400 - Wed Mar 31 2021 00:00:00 GMT+0400
Miner Id: f02775
20211115_3D_PL_transaction_1_contract_42, CN_IREC_82583MWh_Jan2021_to_August2021_certificate_11:
Generation start-end: Fri Jan 01 2021 00:00:00 GMT+0400 - Sun Jan 31 2021 00:00:00 GMT+0400
Reporting start-end: Wed Jul 01 2020 00:00:00 GMT+0400 - Wed Mar 31 2021 00:00:00 GMT+0400
Miner Id: f02770
20211115_3D_PL_transaction_1_contract_46, GO_Cancellation_ProtocolLabs-Miner ID f01234_2021_Belgium_162_certificate_8:
Generation start-end: Tue Aug 31 2021 00:00:00 GMT+0400 - Tue Aug 31 2021 00:00:00 GMT+0400
Reporting start-end: Sun Aug 01 2021 00:00:00 GMT+0400 - Tue Aug 31 2021 00:00:00 GMT+0400
Miner Id: f0720636
20211115_3D_PL_transaction_1_contract_50, GO_Cancellation_ProtocolLabs-Miner ID f01234_2021_Belgium_162_certificate_4:
Generation start-end: Sat Jul 31 2021 00:00:00 GMT+0400 - Sat Jul 31 2021 00:00:00 GMT+0400
Reporting start-end: Thu Jul 01 2021 00:00:00 GMT+0400 - Sat Jul 31 2021 00:00:00 GMT+0400
Miner Id: f01234
20211115_3D_PL_transaction_1_contract_62, GO_Cancellation_ProtocolLabs-Miner ID f01234_2021_Belgium_162_certificate_5:
Generation start-end: Fri Apr 30 2021 00:00:00 GMT+0400 - Fri Apr 30 2021 00:00:00 GMT+0400
Reporting start-end: Thu Apr 01 2021 00:00:00 GMT+0400 - Fri Apr 30 2021 00:00:00 GMT+0400
Miner Id: f01234
20211115_3D_PL_transaction_1_contract_63, GO_Cancellation_ProtocolLabs-Miner ID f01234_2021_Belgium_162_certificate_6:
Generation start-end: Mon May 31 2021 00:00:00 GMT+0400 - Mon May 31 2021 00:00:00 GMT+0400
Reporting start-end: Sat May 01 2021 00:00:00 GMT+0400 - Mon May 31 2021 00:00:00 GMT+0400
Miner Id: f01234
20211115_3D_PL_transaction_1_contract_64, GO_Cancellation_ProtocolLabs-Miner ID f01234_2021_Belgium_162_certificate_7:
Generation start-end: Wed Jun 30 2021 00:00:00 GMT+0400 - Wed Jun 30 2021 00:00:00 GMT+0400
Reporting start-end: Tue Jun 01 2021 00:00:00 GMT+0400 - Wed Jun 30 2021 00:00:00 GMT+0400
Miner Id: f01234
20211115_3D_PL_transaction_1_contract_66, GO_Cancellation_ProtocolLabs-Miner ID f01234_2021_Belgium_162_certificate_1:
Generation start-end: Sun Jan 31 2021 00:00:00 GMT+0400 - Sun Jan 31 2021 00:00:00 GMT+0400
Reporting start-end: Wed Jul 01 2020 00:00:00 GMT+0400 - Wed Mar 31 2021 00:00:00 GMT+0400
Miner Id: f01234
20211115_3D_PL_transaction_1_contract_67, GO_Cancellation_ProtocolLabs-Miner ID f01234_2021_Belgium_162_certificate_1:
Generation start-end: Sun Jan 31 2021 00:00:00 GMT+0400 - Sun Jan 31 2021 00:00:00 GMT+0400
Reporting start-end: Wed Jul 01 2020 00:00:00 GMT+0400 - Wed Mar 31 2021 00:00:00 GMT+0400
Miner Id: f01234
20211115_3D_PL_transaction_1_contract_68, GO_Cancellation_ProtocolLabs-Miner ID f01234_2021_Belgium_162_certificate_1:
Generation start-end: Sun Jan 31 2021 00:00:00 GMT+0400 - Sun Jan 31 2021 00:00:00 GMT+0400
Reporting start-end: Wed Jul 01 2020 00:00:00 GMT+0400 - Wed Mar 31 2021 00:00:00 GMT+0400
Miner Id: f01234
20211115_3D_PL_transaction_1_contract_69, GO_Cancellation_ProtocolLabs-Miner ID f01234_2021_Belgium_162_certificate_1:
Generation start-end: Sun Jan 31 2021 00:00:00 GMT+0400 - Sun Jan 31 2021 00:00:00 GMT+0400
Reporting start-end: Wed Jul 01 2020 00:00:00 GMT+0400 - Wed Mar 31 2021 00:00:00 GMT+0400
Miner Id: f01234
20211115_3D_PL_transaction_1_contract_70, US_GreenE_15MWh_Jan_to_August_2021_certificate_1:
Generation start-end: Tue Sep 01 2020 00:00:00 GMT+0400 - Wed Sep 30 2020 00:00:00 GMT+0400
Reporting start-end: Wed Jul 01 2020 00:00:00 GMT+0400 - Wed Mar 31 2021 00:00:00 GMT+0400
Miner Id: f066596
20211115_3D_PL_transaction_1_contract_75, US_GreenE_563MWh_Jan_to_August_2021_certificate_5:
Generation start-end: Mon Feb 01 2021 00:00:00 GMT+0400 - Sun Feb 28 2021 00:00:00 GMT+0400
Reporting start-end: Wed Jul 01 2020 00:00:00 GMT+0400 - Wed Mar 31 2021 00:00:00 GMT+0400
Miner Id: f022142
20211115_3D_PL_transaction_1_contract_76, US_GreenE_563MWh_Jan_to_August_2021_certificate_5:
Generation start-end: Mon Feb 01 2021 00:00:00 GMT+0400 - Sun Feb 28 2021 00:00:00 GMT+0400
Reporting start-end: Wed Jul 01 2020 00:00:00 GMT+0400 - Wed Mar 31 2021 00:00:00 GMT+0400
Miner Id: f022142
20211115_3D_PL_transaction_1_contract_77, US_GreenE_563MWh_Jan_to_August_2021_certificate_5:
Generation start-end: Mon Feb 01 2021 00:00:00 GMT+0400 - Sun Feb 28 2021 00:00:00 GMT+0400
Reporting start-end: Wed Jul 01 2020 00:00:00 GMT+0400 - Wed Mar 31 2021 00:00:00 GMT+0400
Miner Id: f022142
20211115_3D_PL_transaction_1_contract_81, GO_Cancellation_ProtocolLabs-Miner ID f01234_2021_Belgium_162_certificate_1:
Generation start-end: Sun Jan 31 2021 00:00:00 GMT+0400 - Sun Jan 31 2021 00:00:00 GMT+0400
Reporting start-end: Fri Jan 01 2021 00:00:00 GMT+0400 - Sun Jan 31 2021 00:00:00 GMT+0400
Miner Id: f01234
20211115_3D_PL_transaction_1_contract_82, GO_Cancellation_ProtocolLabs-Miner ID f01234_2021_Belgium_162_certificate_2:
Generation start-end: Sun Feb 28 2021 00:00:00 GMT+0400 - Sun Feb 28 2021 00:00:00 GMT+0400
Reporting start-end: Mon Feb 01 2021 00:00:00 GMT+0400 - Sun Feb 28 2021 00:00:00 GMT+0400
Miner Id: f01234
20211115_3D_PL_transaction_1_contract_83, GO_Cancellation_ProtocolLabs-Miner ID f01234_2021_Belgium_162_certificate_3:
Generation start-end: Wed Mar 31 2021 00:00:00 GMT+0400 - Wed Mar 31 2021 00:00:00 GMT+0400
Reporting start-end: Mon Mar 01 2021 00:00:00 GMT+0400 - Wed Mar 31 2021 00:00:00 GMT+0400
Miner Id: f01234
20211115_3D_PL_transaction_1_contract_87, GO_Cancellation_ProtocolLabs-Miner ID f02576_2021_Denmark_35_certificate_1:
Generation start-end: Fri Jan 01 2021 00:00:00 GMT+0400 - Sun Jan 31 2021 00:00:00 GMT+0400
Reporting start-end: Wed Jul 01 2020 00:00:00 GMT+0400 - Wed Mar 31 2021 00:00:00 GMT+0400
Miner Id: f02576
20211115_3D_PL_transaction_1_contract_111, CA_GreenE_34MWh_Dec2020_to_June2021_certificate_1:
Generation start-end: Tue Dec 01 2020 00:00:00 GMT+0400 - Thu Dec 31 2020 00:00:00 GMT+0400
Reporting start-end: Wed Jul 01 2020 00:00:00 GMT+0400 - Wed Mar 31 2021 00:00:00 GMT+0400
Miner Id: f019104
20211115_3D_PL_transaction_1_contract_112, CA_GreenE_34MWh_Dec2020_to_June2021_certificate_1:
Generation start-end: Tue Dec 01 2020 00:00:00 GMT+0400 - Thu Dec 31 2020 00:00:00 GMT+0400
Reporting start-end: Wed Jul 01 2020 00:00:00 GMT+0400 - Wed Mar 31 2021 00:00:00 GMT+0400
Miner Id: f019104
20211115_3D_PL_transaction_1_contract_113, CA_GreenE_34MWh_Dec2020_to_June2021_certificate_1:
Generation start-end: Tue Dec 01 2020 00:00:00 GMT+0400 - Thu Dec 31 2020 00:00:00 GMT+0400
Reporting start-end: Wed Jul 01 2020 00:00:00 GMT+0400 - Wed Mar 31 2021 00:00:00 GMT+0400
Miner Id: f019104
20211115_3D_PL_transaction_1_contract_114, CA_GreenE_34MWh_Dec2020_to_June2021_certificate_1:
Generation start-end: Tue Dec 01 2020 00:00:00 GMT+0400 - Thu Dec 31 2020 00:00:00 GMT+0400
Reporting start-end: Wed Jul 01 2020 00:00:00 GMT+0400 - Wed Mar 31 2021 00:00:00 GMT+0400
Miner Id: f019104
20211115_3D_PL_transaction_1_contract_138, GO_Cancellation_ProtocolLabs-Miner ID f02576_2021_Denmark_35_certificate_1:
Generation start-end: Fri Jan 01 2021 00:00:00 GMT+0400 - Sun Jan 31 2021 00:00:00 GMT+0400
Reporting start-end: Wed Jul 01 2020 00:00:00 GMT+0400 - Wed Mar 31 2021 00:00:00 GMT+0400
Miner Id: f02576
20211115_3D_PL_transaction_1_contract_139, GO_Cancellation_ProtocolLabs-Miner ID f02576_2021_Denmark_35_certificate_1:
Generation start-end: Fri Jan 01 2021 00:00:00 GMT+0400 - Sun Jan 31 2021 00:00:00 GMT+0400
Reporting start-end: Wed Jul 01 2020 00:00:00 GMT+0400 - Wed Mar 31 2021 00:00:00 GMT+0400
Miner Id: f02576
20211115_3D_PL_transaction_1_contract_140, GO_Cancellation_ProtocolLabs-Miner ID f02576_2021_Denmark_35_certificate_1:
Generation start-end: Fri Jan 01 2021 00:00:00 GMT+0400 - Sun Jan 31 2021 00:00:00 GMT+0400
Reporting start-end: Wed Jul 01 2020 00:00:00 GMT+0400 - Wed Mar 31 2021 00:00:00 GMT+0400
Miner Id: f02576
20211115_3D_PL_transaction_1_contract_143, US_GreenE_563MWh_Jan_to_August_2021_certificate_5:
Generation start-end: Mon Feb 01 2021 00:00:00 GMT+0400 - Sun Feb 28 2021 00:00:00 GMT+0400
Reporting start-end: Wed Jul 01 2020 00:00:00 GMT+0400 - Wed Mar 31 2021 00:00:00 GMT+0400
Miner Id: f066596
20211115_3D_PL_transaction_1_contract_151, US_GreenE_563MWh_Jan_to_August_2021_certificate_6:
Generation start-end: Mon Feb 01 2021 00:00:00 GMT+0400 - Sun Feb 28 2021 00:00:00 GMT+0400
Reporting start-end: Wed Jul 01 2020 00:00:00 GMT+0400 - Wed Mar 31 2021 00:00:00 GMT+0400
Miner Id: f022142
20211115_3D_PL_transaction_1_contract_152, US_GreenE_563MWh_Jan_to_August_2021_certificate_6:
Generation start-end: Mon Feb 01 2021 00:00:00 GMT+0400 - Sun Feb 28 2021 00:00:00 GMT+0400
Reporting start-end: Wed Jul 01 2020 00:00:00 GMT+0400 - Wed Mar 31 2021 00:00:00 GMT+0400
Miner Id: f022142
20211115_3D_PL_transaction_1_contract_153, US_GreenE_563MWh_Jan_to_August_2021_certificate_6:
Generation start-end: Mon Feb 01 2021 00:00:00 GMT+0400 - Sun Feb 28 2021 00:00:00 GMT+0400
Reporting start-end: Wed Jul 01 2020 00:00:00 GMT+0400 - Wed Mar 31 2021 00:00:00 GMT+0400
Miner Id: f022142
20211115_3D_PL_transaction_1_contract_154, US_GreenE_563MWh_Jan_to_August_2021_certificate_6:
Generation start-end: Mon Feb 01 2021 00:00:00 GMT+0400 - Sun Feb 28 2021 00:00:00 GMT+0400
Reporting start-end: Wed Jul 01 2020 00:00:00 GMT+0400 - Wed Mar 31 2021 00:00:00 GMT+0400
Miner Id: f022142
20211115_3D_PL_transaction_1_contract_161, CA_GreenE_34MWh_Dec2020_to_June2021_certificate_1:
Generation start-end: Tue Dec 01 2020 00:00:00 GMT+0400 - Thu Dec 31 2020 00:00:00 GMT+0400
Reporting start-end: Wed Jul 01 2020 00:00:00 GMT+0400 - Wed Mar 31 2021 00:00:00 GMT+0400
Miner Id: f098770
20211115_3D_PL_transaction_1_contract_12, CN_IREC_82583MWh_Jan2021_to_August2021_certificate_10:
Generation start-end: Fri Jan 01 2021 00:00:00 GMT+0400 - Wed Mar 31 2021 00:00:00 GMT+0400
Reporting start-end: Fri Jan 01 2021 00:00:00 GMT+0400 - Sun Jan 31 2021 00:00:00 GMT+0400
Miner Id: f02770
